[14-Apr-2016 15:43:03 UTC] PHP Parse error:  syntax error, unexpected '$participant' (T_VARIABLE) in /home/ubuntu/workspace/serveur/Tables/createTable1to1.php on line 10
[14-Apr-2016 15:43:55 UTC] PHP Parse error:  syntax error, unexpected '$participant' (T_VARIABLE) in /home/ubuntu/workspace/serveur/Tables/createTable1to1.php on line 10
[14-Apr-2016 15:43:56 UTC] PHP Parse error:  syntax error, unexpected '$participant' (T_VARIABLE) in /home/ubuntu/workspace/serveur/Tables/createTable1to1.php on line 10
[18-Apr-2016 13:04:15 UTC] PHP Fatal error:  Call to undefined function http_get_request_body() in /home/ubuntu/workspace/serveur/Main/getName.php on line 6
[18-Apr-2016 13:04:15 UTC] PHP Stack trace:
[18-Apr-2016 13:04:15 UTC] PHP   1. {main}() /home/ubuntu/workspace/serveur/Main/getName.php:0
[21-Apr-2016 08:37:18 UTC] PHP Parse error:  syntax error, unexpected '+', expecting '}' in /home/ubuntu/workspace/serveur/Tables/joinTableSphere.php on line 43
[21-Apr-2016 14:06:28 UTC] PHP Fatal error:  Call to a member function fetch() on a non-object in /home/ubuntu/workspace/serveur/Tables/joinTableMixte.php on line 30
[21-Apr-2016 14:06:28 UTC] PHP Stack trace:
[21-Apr-2016 14:06:28 UTC] PHP   1. {main}() /home/ubuntu/workspace/serveur/Tables/joinTableMixte.php:0
[21-Apr-2016 14:06:45 UTC] PHP Fatal error:  Call to a member function fetch() on a non-object in /home/ubuntu/workspace/serveur/Tables/joinTableMixte.php on line 30
[21-Apr-2016 14:06:45 UTC] PHP Stack trace:
[21-Apr-2016 14:06:45 UTC] PHP   1. {main}() /home/ubuntu/workspace/serveur/Tables/joinTableMixte.php:0
[21-Apr-2016 14:14:59 UTC] PHP Fatal error:  Call to a member function fetch() on a non-object in /home/ubuntu/workspace/serveur/Tables/joinTableMixte.php on line 30
[21-Apr-2016 14:14:59 UTC] PHP Stack trace:
[21-Apr-2016 14:14:59 UTC] PHP   1. {main}() /home/ubuntu/workspace/serveur/Tables/joinTableMixte.php:0
[21-Apr-2016 14:17:35 UTC] PHP Fatal error:  Call to a member function fetch() on a non-object in /home/ubuntu/workspace/serveur/Tables/joinTableMixte.php on line 30
[21-Apr-2016 14:17:35 UTC] PHP Stack trace:
[21-Apr-2016 14:17:35 UTC] PHP   1. {main}() /home/ubuntu/workspace/serveur/Tables/joinTableMixte.php:0
[21-Apr-2016 14:18:01 UTC] PHP Fatal error:  Call to a member function fetch() on a non-object in /home/ubuntu/workspace/serveur/Tables/joinTableMixte.php on line 30
[21-Apr-2016 14:18:01 UTC] PHP Stack trace:
[21-Apr-2016 14:18:01 UTC] PHP   1. {main}() /home/ubuntu/workspace/serveur/Tables/joinTableMixte.php:0
[21-Apr-2016 14:21:56 UTC] PHP Fatal error:  Call to a member function fetch() on a non-object in /home/ubuntu/workspace/serveur/Tables/joinTableMixte.php on line 30
[21-Apr-2016 14:21:56 UTC] PHP Stack trace:
[21-Apr-2016 14:21:56 UTC] PHP   1. {main}() /home/ubuntu/workspace/serveur/Tables/joinTableMixte.php:0
[21-Apr-2016 14:22:11 UTC] PHP Fatal error:  Call to a member function fetch() on a non-object in /home/ubuntu/workspace/serveur/Tables/joinTableMixte.php on line 30
[21-Apr-2016 14:22:11 UTC] PHP Stack trace:
[21-Apr-2016 14:22:11 UTC] PHP   1. {main}() /home/ubuntu/workspace/serveur/Tables/joinTableMixte.php:0
